<?xml version="1.0" encoding="UTF-8"?>
<testsuite name="com.jojoldu.book.springboot.web.HelloControllerTest" tests="2" skipped="0" failures="0" errors="0" timestamp="2023-02-28T08:34:00" hostname="LG" time="0.17">
  <properties/>
  <testcase name="hello가_리턴된다" classname="com.jojoldu.book.springboot.web.HelloControllerTest" time="0.072"/>
  <testcase name="helloDto가_리턴된다" classname="com.jojoldu.book.springboot.web.HelloControllerTest" time="0.097"/>
  <system-out><![CDATA[2023-02-28 17:33:59.679  INFO 26128 --- [    Test worker] .b.t.a.w.s.WebMvcTestContextBootstrapper : Neither @ContextConfiguration nor @ContextHierarchy found for test class [com.jojoldu.book.springboot.web.HelloControllerTest], using SpringBootContextLoader
2023-02-28 17:33:59.680  INFO 26128 --- [    Test worker] o.s.t.c.support.AbstractContextLoader    : Could not detect default resource locations for test class [com.jojoldu.book.springboot.web.HelloControllerTest]: no resource found for suffixes {-context.xml, Context.groovy}.
2023-02-28 17:33:59.680  INFO 26128 --- [    Test worker] t.c.s.AnnotationConfigContextLoaderUtils : Could not detect default configuration classes for test class [com.jojoldu.book.springboot.web.HelloControllerTest]: HelloControllerTest does not declare any static, non-private, non-final, nested classes annotated with @Configuration.
2023-02-28 17:33:59.700  INFO 26128 --- [    Test worker] .b.t.c.SpringBootTestContextBootstrapper : Found @SpringBootConfiguration com.jojoldu.book.Application for test class com.jojoldu.book.springboot.web.HelloControllerTest
2023-02-28 17:33:59.701  INFO 26128 --- [    Test worker] .b.t.a.w.s.WebMvcTestContextBootstrapper : Loaded default TestExecutionListener class names from location [META-INF/spring.factories]: [org.springframework.security.test.context.support.WithSecurityContextTestExecutionListener, org.springframework.security.test.context.support.ReactorContextTestExecutionListener, org.springframework.boot.test.autoconfigure.restdocs.RestDocsTestExecutionListener, org.springframework.boot.test.autoconfigure.web.client.MockRestServiceServerResetTestExecutionListener, org.springframework.boot.test.autoconfigure.web.servlet.MockMvcPrintOnlyOnFailureTestExecutionListener, org.springframework.boot.test.autoconfigure.web.servlet.WebDriverTestExecutionListener, org.springframework.boot.test.mock.mockito.MockitoTestExecutionListener, org.springframework.boot.test.mock.mockito.ResetMocksTestExecutionListener, org.springframework.test.context.web.ServletTestExecutionListener, org.springframework.test.context.support.DirtiesContextBeforeModesTestExecutionListener, org.springframework.test.context.support.DependencyInjectionTestExecutionListener, org.springframework.test.context.support.DirtiesContextTestExecutionListener, org.springframework.test.context.transaction.TransactionalTestExecutionListener, org.springframework.test.context.jdbc.SqlScriptsTestExecutionListener]
2023-02-28 17:33:59.702  INFO 26128 --- [    Test worker] .b.t.a.w.s.WebMvcTestContextBootstrapper : Using TestExecutionListeners: [org.springframework.test.context.web.ServletTestExecutionListener@5438119d, org.springframework.test.context.support.DirtiesContextBeforeModesTestExecutionListener@796ab36f, org.springframework.boot.test.mock.mockito.MockitoTestExecutionListener@2c8dba8c, org.springframework.boot.test.autoconfigure.SpringBootDependencyInjectionTestExecutionListener@602ad18d, org.springframework.test.context.support.DirtiesContextTestExecutionListener@748a90ec, org.springframework.test.context.transaction.TransactionalTestExecutionListener@5857a4d9, org.springframework.test.context.jdbc.SqlScriptsTestExecutionListener@19cf2c85, org.springframework.security.test.context.support.WithSecurityContextTestExecutionListener@2f5f2088, org.springframework.security.test.context.support.ReactorContextTestExecutionListener@f72c87f, org.springframework.boot.test.autoconfigure.restdocs.RestDocsTestExecutionListener@6ae6c424, org.springframework.boot.test.autoconfigure.web.client.MockRestServiceServerResetTestExecutionListener@aad66f9, org.springframework.boot.test.autoconfigure.web.servlet.MockMvcPrintOnlyOnFailureTestExecutionListener@5ca04c44, org.springframework.boot.test.autoconfigure.web.servlet.WebDriverTestExecutionListener@4588569f, org.springframework.boot.test.mock.mockito.ResetMocksTestExecutionListener@19136dee]

  .   ____          _            __ _ _
 /\\ / ___'_ __ _ _(_)_ __  __ _ \ \ \ \
( ( )\___ | '_ | '_| | '_ \/ _` | \ \ \ \
 \\/  ___)| |_)| | | | | || (_| |  ) ) ) )
  '  |____| .__|_| |_|_| |_\__, | / / / /
 =========|_|==============|___/=/_/_/_/
 :: Spring Boot ::        (v2.1.7.RELEASE)

2023-02-28 17:33:59.734  INFO 26128 --- [    Test worker] c.j.b.s.web.HelloControllerTest          : Starting HelloControllerTest on LG with PID 26128 (started by user in C:\IntelliJ_IDEA\freelec-springboot2-webservice)
2023-02-28 17:33:59.736  INFO 26128 --- [    Test worker] c.j.b.s.web.HelloControllerTest          : No active profile set, falling back to default profiles: default
2023-02-28 17:34:00.223  INFO 26128 --- [    Test worker] o.s.s.concurrent.ThreadPoolTaskExecutor  : Initializing ExecutorService 'applicationTaskExecutor'
2023-02-28 17:34:00.257  INFO 26128 --- [    Test worker] o.s.b.a.w.s.WelcomePageHandlerMapping    : Adding welcome page template: index
2023-02-28 17:34:00.486  INFO 26128 --- [    Test worker] .s.s.UserDetailsServiceAutoConfiguration : 

Using generated security password: 9a646a5e-bfa9-4d27-bccd-814e7be4a06c

2023-02-28 17:34:00.639  INFO 26128 --- [    Test worker] o.s.s.web.DefaultSecurityFilterChain     : Creating filter chain: any request, [org.springframework.security.web.context.request.async.WebAsyncManagerIntegrationFilter@98cc51f, org.springframework.security.web.context.SecurityContextPersistenceFilter@7ecb9d7e, org.springframework.security.web.header.HeaderWriterFilter@18329df6, org.springframework.security.web.csrf.CsrfFilter@6a1c4cf7, org.springframework.security.web.authentication.logout.LogoutFilter@7cb0eb0, org.springframework.security.web.authentication.UsernamePasswordAuthenticationFilter@f635abc, org.springframework.security.web.authentication.ui.DefaultLoginPageGeneratingFilter@26af3ab9, org.springframework.security.web.authentication.ui.DefaultLogoutPageGeneratingFilter@43aea355, org.springframework.security.web.authentication.www.BasicAuthenticationFilter@46302910, org.springframework.security.web.savedrequest.RequestCacheAwareFilter@32a89c92, org.springframework.security.web.servletapi.SecurityContextHolderAwareRequestFilter@3e797a1c, org.springframework.security.web.authentication.AnonymousAuthenticationFilter@4916a99, org.springframework.security.web.session.SessionManagementFilter@10c101f3, org.springframework.security.web.access.ExceptionTranslationFilter@54a30194, org.springframework.security.web.access.intercept.FilterSecurityInterceptor@2391865a]
2023-02-28 17:34:00.677  INFO 26128 --- [    Test worker] o.s.b.t.m.w.SpringBootMockServletContext : Initializing Spring TestDispatcherServlet ''
2023-02-28 17:34:00.677  INFO 26128 --- [    Test worker] o.s.t.web.servlet.TestDispatcherServlet  : Initializing Servlet ''
2023-02-28 17:34:00.690  INFO 26128 --- [    Test worker] o.s.t.web.servlet.TestDispatcherServlet  : Completed initialization in 13 ms
2023-02-28 17:34:00.720  INFO 26128 --- [    Test worker] c.j.b.s.web.HelloControllerTest          : Started HelloControllerTest in 1.016 seconds (JVM running for 9.648)
]]></system-out>
  <system-err><![CDATA[]]></system-err>
</testsuite>
