<?xml version="1.0" encoding="UTF-8"?>
<testsuite name="com.jojoldu.book.springboot.web.IndexControllerTest" tests="1" skipped="0" failures="0" errors="0" timestamp="2023-02-14T23:39:16" hostname="LG" time="0.171">
  <properties/>
  <testcase name="메인페이지_로딩" classname="com.jojoldu.book.springboot.web.IndexControllerTest" time="0.171"/>
  <system-out><![CDATA[2023-02-15 08:39:14.210  INFO 4388 --- [    Test worker] .b.t.c.SpringBootTestContextBootstrapper : Neither @ContextConfiguration nor @ContextHierarchy found for test class [com.jojoldu.book.springboot.web.IndexControllerTest], using SpringBootContextLoader
2023-02-15 08:39:14.211  INFO 4388 --- [    Test worker] o.s.t.c.support.AbstractContextLoader    : Could not detect default resource locations for test class [com.jojoldu.book.springboot.web.IndexControllerTest]: no resource found for suffixes {-context.xml, Context.groovy}.
2023-02-15 08:39:14.211  INFO 4388 --- [    Test worker] t.c.s.AnnotationConfigContextLoaderUtils : Could not detect default configuration classes for test class [com.jojoldu.book.springboot.web.IndexControllerTest]: IndexControllerTest does not declare any static, non-private, non-final, nested classes annotated with @Configuration.
2023-02-15 08:39:14.213  INFO 4388 --- [    Test worker] .b.t.c.SpringBootTestContextBootstrapper : Found @SpringBootConfiguration com.jojoldu.book.Application for test class com.jojoldu.book.springboot.web.IndexControllerTest
2023-02-15 08:39:14.214  INFO 4388 --- [    Test worker] .b.t.c.SpringBootTestContextBootstrapper : Loaded default TestExecutionListener class names from location [META-INF/spring.factories]: [org.springframework.security.test.context.support.WithSecurityContextTestExecutionListener, org.springframework.security.test.context.support.ReactorContextTestExecutionListener, org.springframework.boot.test.autoconfigure.restdocs.RestDocsTestExecutionListener, org.springframework.boot.test.autoconfigure.web.client.MockRestServiceServerResetTestExecutionListener, org.springframework.boot.test.autoconfigure.web.servlet.MockMvcPrintOnlyOnFailureTestExecutionListener, org.springframework.boot.test.autoconfigure.web.servlet.WebDriverTestExecutionListener, org.springframework.boot.test.mock.mockito.MockitoTestExecutionListener, org.springframework.boot.test.mock.mockito.ResetMocksTestExecutionListener, org.springframework.test.context.web.ServletTestExecutionListener, org.springframework.test.context.support.DirtiesContextBeforeModesTestExecutionListener, org.springframework.test.context.support.DependencyInjectionTestExecutionListener, org.springframework.test.context.support.DirtiesContextTestExecutionListener, org.springframework.test.context.transaction.TransactionalTestExecutionListener, org.springframework.test.context.jdbc.SqlScriptsTestExecutionListener]
2023-02-15 08:39:14.216  INFO 4388 --- [    Test worker] .b.t.c.SpringBootTestContextBootstrapper : Using TestExecutionListeners: [org.springframework.test.context.web.ServletTestExecutionListener@19971fb7, org.springframework.test.context.support.DirtiesContextBeforeModesTestExecutionListener@798a30f, org.springframework.boot.test.mock.mockito.MockitoTestExecutionListener@d3d8152, org.springframework.boot.test.autoconfigure.SpringBootDependencyInjectionTestExecutionListener@243f1519, org.springframework.test.context.support.DirtiesContextTestExecutionListener@574cc8e, org.springframework.test.context.transaction.TransactionalTestExecutionListener@473687f4, org.springframework.test.context.jdbc.SqlScriptsTestExecutionListener@26e0a951, org.springframework.security.test.context.support.WithSecurityContextTestExecutionListener@7a2bf749, org.springframework.security.test.context.support.ReactorContextTestExecutionListener@5918443e, org.springframework.boot.test.autoconfigure.restdocs.RestDocsTestExecutionListener@2ae271ce, org.springframework.boot.test.autoconfigure.web.client.MockRestServiceServerResetTestExecutionListener@9ebffe2, org.springframework.boot.test.autoconfigure.web.servlet.MockMvcPrintOnlyOnFailureTestExecutionListener@2cdfc029, org.springframework.boot.test.autoconfigure.web.servlet.WebDriverTestExecutionListener@37fd4838, org.springframework.boot.test.mock.mockito.ResetMocksTestExecutionListener@ea82308]

  .   ____          _            __ _ _
 /\\ / ___'_ __ _ _(_)_ __  __ _ \ \ \ \
( ( )\___ | '_ | '_| | '_ \/ _` | \ \ \ \
 \\/  ___)| |_)| | | | | || (_| |  ) ) ) )
  '  |____| .__|_| |_|_| |_\__, | / / / /
 =========|_|==============|___/=/_/_/_/
 :: Spring Boot ::        (v2.1.7.RELEASE)

2023-02-15 08:39:14.250  INFO 4388 --- [    Test worker] c.j.b.s.web.IndexControllerTest          : Starting IndexControllerTest on LG with PID 4388 (started by user in C:\IntelliJ_IDEA\freelec-springboot2-webservice)
2023-02-15 08:39:14.250  INFO 4388 --- [    Test worker] c.j.b.s.web.IndexControllerTest          : No active profile set, falling back to default profiles: default
2023-02-15 08:39:14.445  INFO 4388 --- [    Test worker] .s.d.r.c.RepositoryConfigurationDelegate : Bootstrapping Spring Data repositories in DEFAULT mode.
2023-02-15 08:39:14.480  INFO 4388 --- [    Test worker] .s.d.r.c.RepositoryConfigurationDelegate : Finished Spring Data repository scanning in 35ms. Found 2 repository interfaces.
2023-02-15 08:39:14.578  INFO 4388 --- [    Test worker] trationDelegate$BeanPostProcessorChecker : Bean 'org.springframework.transaction.annotation.ProxyTransactionManagementConfiguration' of type [org.springframework.transaction.annotation.ProxyTransactionManagementConfiguration$$EnhancerBySpringCGLIB$$439cca3] is not eligible for getting processed by all BeanPostProcessors (for example: not eligible for auto-proxying)
2023-02-15 08:39:14.840  INFO 4388 --- [    Test worker] o.s.b.w.embedded.tomcat.TomcatWebServer  : Tomcat initialized with port(s): 0 (http)
2023-02-15 08:39:14.866  INFO 4388 --- [    Test worker] o.apache.catalina.core.StandardService   : Starting service [Tomcat]
2023-02-15 08:39:14.867  INFO 4388 --- [    Test worker] org.apache.catalina.core.StandardEngine  : Starting Servlet engine: [Apache Tomcat/9.0.22]
2023-02-15 08:39:15.010  INFO 4388 --- [    Test worker] o.a.c.c.C.[Tomcat].[localhost].[/]       : Initializing Spring embedded WebApplicationContext
2023-02-15 08:39:15.011  INFO 4388 --- [    Test worker] o.s.web.context.ContextLoader            : Root WebApplicationContext: initialization completed in 757 ms
2023-02-15 08:39:15.194  INFO 4388 --- [    Test worker] com.zaxxer.hikari.HikariDataSource       : HikariPool-2 - Starting...
2023-02-15 08:39:15.195  INFO 4388 --- [    Test worker] com.zaxxer.hikari.HikariDataSource       : HikariPool-2 - Start completed.
2023-02-15 08:39:15.234  INFO 4388 --- [    Test worker] o.hibernate.jpa.internal.util.LogHelper  : HHH000204: Processing PersistenceUnitInfo [
	name: default
	...]
2023-02-15 08:39:15.244  INFO 4388 --- [    Test worker] org.hibernate.dialect.Dialect            : HHH000400: Using dialect: org.hibernate.dialect.MySQL5InnoDBDialect
Hibernate: drop table if exists posts
Hibernate: drop table if exists user
Hibernate: create table posts (id bigint not null auto_increment, created_date datetime, modified_date datetime, author varchar(255), content TEXT not null, title varchar(500) not null, primary key (id)) engine=InnoDB
Hibernate: create table user (id bigint not null auto_increment, created_date datetime, modified_date datetime, email varchar(255) not null, name varchar(255) not null, picture varchar(255), role varchar(255) not null, primary key (id)) engine=InnoDB
2023-02-15 08:39:15.297  INFO 4388 --- [    Test worker] o.h.t.schema.internal.SchemaCreatorImpl  : HHH000476: Executing import script 'org.hibernate.tool.schema.internal.exec.ScriptSourceInputNonExistentImpl@174f106e'
2023-02-15 08:39:15.297  INFO 4388 --- [    Test worker] j.LocalContainerEntityManagerFactoryBean : Initialized JPA EntityManagerFactory for persistence unit 'default'
2023-02-15 08:39:15.618  INFO 4388 --- [    Test worker] o.h.h.i.QueryTranslatorFactoryInitiator  : HHH000397: Using ASTQueryTranslatorFactory
2023-02-15 08:39:15.805  INFO 4388 --- [    Test worker] o.s.s.web.DefaultSecurityFilterChain     : Creating filter chain: any request, [org.springframework.security.web.context.request.async.WebAsyncManagerIntegrationFilter@e588fa4, org.springframework.security.web.context.SecurityContextPersistenceFilter@3e582011, org.springframework.security.web.header.HeaderWriterFilter@564c7663, org.springframework.security.web.authentication.logout.LogoutFilter@75d6c7cf, org.springframework.security.oauth2.client.web.OAuth2AuthorizationRequestRedirectFilter@25a1b826, org.springframework.security.oauth2.client.web.OAuth2LoginAuthenticationFilter@7989eeb0, org.springframework.security.web.authentication.ui.DefaultLoginPageGeneratingFilter@a712638, org.springframework.security.web.authentication.ui.DefaultLogoutPageGeneratingFilter@2d484850, org.springframework.security.web.savedrequest.RequestCacheAwareFilter@6b1a29f3, org.springframework.security.web.servletapi.SecurityContextHolderAwareRequestFilter@5ed0a59d, org.springframework.security.web.authentication.AnonymousAuthenticationFilter@580b557, org.springframework.security.web.session.SessionManagementFilter@3b1dfd12, org.springframework.security.web.access.ExceptionTranslationFilter@55a19b0, org.springframework.security.web.access.intercept.FilterSecurityInterceptor@4a9d35da]
2023-02-15 08:39:16.009  INFO 4388 --- [    Test worker] o.s.s.concurrent.ThreadPoolTaskExecutor  : Initializing ExecutorService 'applicationTaskExecutor'
2023-02-15 08:39:16.021  WARN 4388 --- [    Test worker] aWebConfiguration$JpaWebMvcConfiguration : spring.jpa.open-in-view is enabled by default. Therefore, database queries may be performed during view rendering. Explicitly configure spring.jpa.open-in-view to disable this warning
2023-02-15 08:39:16.045  INFO 4388 --- [    Test worker] o.s.b.a.w.s.WelcomePageHandlerMapping    : Adding welcome page template: index
2023-02-15 08:39:16.326  INFO 4388 --- [    Test worker] s.a.ScheduledAnnotationBeanPostProcessor : No TaskScheduler/ScheduledExecutorService bean found for scheduled processing
2023-02-15 08:39:16.345  INFO 4388 --- [    Test worker] o.s.b.w.embedded.tomcat.TomcatWebServer  : Tomcat started on port(s): 56928 (http) with context path ''
2023-02-15 08:39:16.346  INFO 4388 --- [    Test worker] c.j.b.s.web.IndexControllerTest          : Started IndexControllerTest in 2.129 seconds (JVM running for 11.159)
2023-02-15 08:39:16.430  INFO 4388 --- [o-auto-1-exec-1] o.a.c.c.C.[Tomcat].[localhost].[/]       : Initializing Spring DispatcherServlet 'dispatcherServlet'
2023-02-15 08:39:16.430  INFO 4388 --- [o-auto-1-exec-1] o.s.web.servlet.DispatcherServlet        : Initializing Servlet 'dispatcherServlet'
2023-02-15 08:39:16.452  INFO 4388 --- [o-auto-1-exec-1] o.s.web.servlet.DispatcherServlet        : Completed initialization in 21 ms
Hibernate: select posts0_.id as id1_0_, posts0_.created_date as created_2_0_, posts0_.modified_date as modified3_0_, posts0_.author as author4_0_, posts0_.content as content5_0_, posts0_.title as title6_0_ from posts posts0_ order by posts0_.id DESC
]]></system-out>
  <system-err><![CDATA[]]></system-err>
</testsuite>
