<?xml version="1.0" encoding="UTF-8"?>
<testsuite name="com.jojoldu.book.springboot.web.IndexControllerTest" tests="1" skipped="0" failures="0" errors="0" timestamp="2023-02-28T08:34:03" hostname="LG" time="0.162">
  <properties/>
  <testcase name="메인페이지_로딩" classname="com.jojoldu.book.springboot.web.IndexControllerTest" time="0.162"/>
  <system-out><![CDATA[2023-02-28 17:34:00.897  INFO 26128 --- [    Test worker] .b.t.c.SpringBootTestContextBootstrapper : Neither @ContextConfiguration nor @ContextHierarchy found for test class [com.jojoldu.book.springboot.web.IndexControllerTest], using SpringBootContextLoader
2023-02-28 17:34:00.898  INFO 26128 --- [    Test worker] o.s.t.c.support.AbstractContextLoader    : Could not detect default resource locations for test class [com.jojoldu.book.springboot.web.IndexControllerTest]: no resource found for suffixes {-context.xml, Context.groovy}.
2023-02-28 17:34:00.898  INFO 26128 --- [    Test worker] t.c.s.AnnotationConfigContextLoaderUtils : Could not detect default configuration classes for test class [com.jojoldu.book.springboot.web.IndexControllerTest]: IndexControllerTest does not declare any static, non-private, non-final, nested classes annotated with @Configuration.
2023-02-28 17:34:00.900  INFO 26128 --- [    Test worker] .b.t.c.SpringBootTestContextBootstrapper : Found @SpringBootConfiguration com.jojoldu.book.Application for test class com.jojoldu.book.springboot.web.IndexControllerTest
2023-02-28 17:34:00.901  INFO 26128 --- [    Test worker] .b.t.c.SpringBootTestContextBootstrapper : Loaded default TestExecutionListener class names from location [META-INF/spring.factories]: [org.springframework.security.test.context.support.WithSecurityContextTestExecutionListener, org.springframework.security.test.context.support.ReactorContextTestExecutionListener, org.springframework.boot.test.autoconfigure.restdocs.RestDocsTestExecutionListener, org.springframework.boot.test.autoconfigure.web.client.MockRestServiceServerResetTestExecutionListener, org.springframework.boot.test.autoconfigure.web.servlet.MockMvcPrintOnlyOnFailureTestExecutionListener, org.springframework.boot.test.autoconfigure.web.servlet.WebDriverTestExecutionListener, org.springframework.boot.test.mock.mockito.MockitoTestExecutionListener, org.springframework.boot.test.mock.mockito.ResetMocksTestExecutionListener, org.springframework.test.context.web.ServletTestExecutionListener, org.springframework.test.context.support.DirtiesContextBeforeModesTestExecutionListener, org.springframework.test.context.support.DependencyInjectionTestExecutionListener, org.springframework.test.context.support.DirtiesContextTestExecutionListener, org.springframework.test.context.transaction.TransactionalTestExecutionListener, org.springframework.test.context.jdbc.SqlScriptsTestExecutionListener]
2023-02-28 17:34:00.902  INFO 26128 --- [    Test worker] .b.t.c.SpringBootTestContextBootstrapper : Using TestExecutionListeners: [org.springframework.test.context.web.ServletTestExecutionListener@2c29839e, org.springframework.test.context.support.DirtiesContextBeforeModesTestExecutionListener@682b4999, org.springframework.boot.test.mock.mockito.MockitoTestExecutionListener@5179930c, org.springframework.boot.test.autoconfigure.SpringBootDependencyInjectionTestExecutionListener@6c36c43e, org.springframework.test.context.support.DirtiesContextTestExecutionListener@c639f55, org.springframework.test.context.transaction.TransactionalTestExecutionListener@3eb668c1, org.springframework.test.context.jdbc.SqlScriptsTestExecutionListener@234a7de8, org.springframework.security.test.context.support.WithSecurityContextTestExecutionListener@79075a8b, org.springframework.security.test.context.support.ReactorContextTestExecutionListener@690efbc9, org.springframework.boot.test.autoconfigure.restdocs.RestDocsTestExecutionListener@64737649, org.springframework.boot.test.autoconfigure.web.client.MockRestServiceServerResetTestExecutionListener@14a6e212, org.springframework.boot.test.autoconfigure.web.servlet.MockMvcPrintOnlyOnFailureTestExecutionListener@5736310f, org.springframework.boot.test.autoconfigure.web.servlet.WebDriverTestExecutionListener@49785893, org.springframework.boot.test.mock.mockito.ResetMocksTestExecutionListener@3646becb]

  .   ____          _            __ _ _
 /\\ / ___'_ __ _ _(_)_ __  __ _ \ \ \ \
( ( )\___ | '_ | '_| | '_ \/ _` | \ \ \ \
 \\/  ___)| |_)| | | | | || (_| |  ) ) ) )
  '  |____| .__|_| |_|_| |_\__, | / / / /
 =========|_|==============|___/=/_/_/_/
 :: Spring Boot ::        (v2.1.7.RELEASE)

2023-02-28 17:34:00.940  INFO 26128 --- [    Test worker] c.j.b.s.web.IndexControllerTest          : Starting IndexControllerTest on LG with PID 26128 (started by user in C:\IntelliJ_IDEA\freelec-springboot2-webservice)
2023-02-28 17:34:00.941  INFO 26128 --- [    Test worker] c.j.b.s.web.IndexControllerTest          : No active profile set, falling back to default profiles: default
2023-02-28 17:34:01.198  INFO 26128 --- [    Test worker] .s.d.r.c.RepositoryConfigurationDelegate : Bootstrapping Spring Data repositories in DEFAULT mode.
2023-02-28 17:34:01.228  INFO 26128 --- [    Test worker] .s.d.r.c.RepositoryConfigurationDelegate : Finished Spring Data repository scanning in 30ms. Found 2 repository interfaces.
2023-02-28 17:34:01.334  INFO 26128 --- [    Test worker] trationDelegate$BeanPostProcessorChecker : Bean 'org.springframework.transaction.annotation.ProxyTransactionManagementConfiguration' of type [org.springframework.transaction.annotation.ProxyTransactionManagementConfiguration$$EnhancerBySpringCGLIB$$ab76569e] is not eligible for getting processed by all BeanPostProcessors (for example: not eligible for auto-proxying)
2023-02-28 17:34:01.622  INFO 26128 --- [    Test worker] o.s.b.w.embedded.tomcat.TomcatWebServer  : Tomcat initialized with port(s): 0 (http)
2023-02-28 17:34:01.654  INFO 26128 --- [    Test worker] o.apache.catalina.core.StandardService   : Starting service [Tomcat]
2023-02-28 17:34:01.655  INFO 26128 --- [    Test worker] org.apache.catalina.core.StandardEngine  : Starting Servlet engine: [Apache Tomcat/9.0.22]
2023-02-28 17:34:01.806  INFO 26128 --- [    Test worker] o.a.c.c.C.[Tomcat].[localhost].[/]       : Initializing Spring embedded WebApplicationContext
2023-02-28 17:34:01.806  INFO 26128 --- [    Test worker] o.s.web.context.ContextLoader            : Root WebApplicationContext: initialization completed in 863 ms
2023-02-28 17:34:01.984  INFO 26128 --- [    Test worker] com.zaxxer.hikari.HikariDataSource       : HikariPool-2 - Starting...
2023-02-28 17:34:01.986  INFO 26128 --- [    Test worker] com.zaxxer.hikari.HikariDataSource       : HikariPool-2 - Start completed.
2023-02-28 17:34:02.023  INFO 26128 --- [    Test worker] o.hibernate.jpa.internal.util.LogHelper  : HHH000204: Processing PersistenceUnitInfo [
	name: default
	...]
2023-02-28 17:34:02.037  INFO 26128 --- [    Test worker] org.hibernate.dialect.Dialect            : HHH000400: Using dialect: org.hibernate.dialect.MySQL5InnoDBDialect
Hibernate: drop table if exists posts
Hibernate: drop table if exists user
Hibernate: create table posts (id bigint not null auto_increment, created_date datetime, modified_date datetime, author varchar(255), content TEXT not null, title varchar(500) not null, primary key (id)) engine=InnoDB
Hibernate: create table user (id bigint not null auto_increment, created_date datetime, modified_date datetime, email varchar(255) not null, name varchar(255) not null, picture varchar(255), role varchar(255) not null, primary key (id)) engine=InnoDB
2023-02-28 17:34:02.097  INFO 26128 --- [    Test worker] o.h.t.schema.internal.SchemaCreatorImpl  : HHH000476: Executing import script 'org.hibernate.tool.schema.internal.exec.ScriptSourceInputNonExistentImpl@65f9e18f'
2023-02-28 17:34:02.097  INFO 26128 --- [    Test worker] j.LocalContainerEntityManagerFactoryBean : Initialized JPA EntityManagerFactory for persistence unit 'default'
2023-02-28 17:34:02.407  INFO 26128 --- [    Test worker] o.h.h.i.QueryTranslatorFactoryInitiator  : HHH000397: Using ASTQueryTranslatorFactory
2023-02-28 17:34:02.551  INFO 26128 --- [    Test worker] o.s.s.web.DefaultSecurityFilterChain     : Creating filter chain: any request, [org.springframework.security.web.context.request.async.WebAsyncManagerIntegrationFilter@1e3a081c, org.springframework.security.web.context.SecurityContextPersistenceFilter@2f107d2c, org.springframework.security.web.header.HeaderWriterFilter@6ba78db5, org.springframework.security.web.authentication.logout.LogoutFilter@418d6534, org.springframework.security.oauth2.client.web.OAuth2AuthorizationRequestRedirectFilter@6278a311, org.springframework.security.oauth2.client.web.OAuth2LoginAuthenticationFilter@23e0ab4, org.springframework.security.web.authentication.ui.DefaultLoginPageGeneratingFilter@6dd89cbe, org.springframework.security.web.authentication.ui.DefaultLogoutPageGeneratingFilter@129c1c5e, org.springframework.security.web.savedrequest.RequestCacheAwareFilter@1b1433d0, org.springframework.security.web.servletapi.SecurityContextHolderAwareRequestFilter@4c09df22, org.springframework.security.web.authentication.AnonymousAuthenticationFilter@35db4537, org.springframework.security.web.session.SessionManagementFilter@96512b7, org.springframework.security.web.access.ExceptionTranslationFilter@6eab5365, org.springframework.security.web.access.intercept.FilterSecurityInterceptor@13c3ed28]
2023-02-28 17:34:02.739  INFO 26128 --- [    Test worker] o.s.s.concurrent.ThreadPoolTaskExecutor  : Initializing ExecutorService 'applicationTaskExecutor'
2023-02-28 17:34:02.750  WARN 26128 --- [    Test worker] aWebConfiguration$JpaWebMvcConfiguration : spring.jpa.open-in-view is enabled by default. Therefore, database queries may be performed during view rendering. Explicitly configure spring.jpa.open-in-view to disable this warning
2023-02-28 17:34:02.774  INFO 26128 --- [    Test worker] o.s.b.a.w.s.WelcomePageHandlerMapping    : Adding welcome page template: index
2023-02-28 17:34:03.044  INFO 26128 --- [    Test worker] s.a.ScheduledAnnotationBeanPostProcessor : No TaskScheduler/ScheduledExecutorService bean found for scheduled processing
2023-02-28 17:34:03.066  INFO 26128 --- [    Test worker] o.s.b.w.embedded.tomcat.TomcatWebServer  : Tomcat started on port(s): 63928 (http) with context path ''
2023-02-28 17:34:03.067  INFO 26128 --- [    Test worker] c.j.b.s.web.IndexControllerTest          : Started IndexControllerTest in 2.163 seconds (JVM running for 11.994)
2023-02-28 17:34:03.146  INFO 26128 --- [o-auto-1-exec-1] o.a.c.c.C.[Tomcat].[localhost].[/]       : Initializing Spring DispatcherServlet 'dispatcherServlet'
2023-02-28 17:34:03.146  INFO 26128 --- [o-auto-1-exec-1] o.s.web.servlet.DispatcherServlet        : Initializing Servlet 'dispatcherServlet'
2023-02-28 17:34:03.168  INFO 26128 --- [o-auto-1-exec-1] o.s.web.servlet.DispatcherServlet        : Completed initialization in 22 ms
Hibernate: select posts0_.id as id1_0_, posts0_.created_date as created_2_0_, posts0_.modified_date as modified3_0_, posts0_.author as author4_0_, posts0_.content as content5_0_, posts0_.title as title6_0_ from posts posts0_ order by posts0_.id DESC
]]></system-out>
  <system-err><![CDATA[]]></system-err>
</testsuite>
