<?xml version="1.0" encoding="UTF-8"?>
<testsuite name="com.jojoldu.book.springboot.web.HelloControllerTest" tests="2" skipped="0" failures="0" errors="0" timestamp="2023-02-14T23:39:14" hostname="LG" time="0.158">
  <properties/>
  <testcase name="hello가_리턴된다" classname="com.jojoldu.book.springboot.web.HelloControllerTest" time="0.068"/>
  <testcase name="helloDto가_리턴된다" classname="com.jojoldu.book.springboot.web.HelloControllerTest" time="0.09"/>
  <system-out><![CDATA[2023-02-15 08:39:13.009  INFO 4388 --- [    Test worker] .b.t.a.w.s.WebMvcTestContextBootstrapper : Neither @ContextConfiguration nor @ContextHierarchy found for test class [com.jojoldu.book.springboot.web.HelloControllerTest], using SpringBootContextLoader
2023-02-15 08:39:13.010  INFO 4388 --- [    Test worker] o.s.t.c.support.AbstractContextLoader    : Could not detect default resource locations for test class [com.jojoldu.book.springboot.web.HelloControllerTest]: no resource found for suffixes {-context.xml, Context.groovy}.
2023-02-15 08:39:13.010  INFO 4388 --- [    Test worker] t.c.s.AnnotationConfigContextLoaderUtils : Could not detect default configuration classes for test class [com.jojoldu.book.springboot.web.HelloControllerTest]: HelloControllerTest does not declare any static, non-private, non-final, nested classes annotated with @Configuration.
2023-02-15 08:39:13.034  INFO 4388 --- [    Test worker] .b.t.c.SpringBootTestContextBootstrapper : Found @SpringBootConfiguration com.jojoldu.book.Application for test class com.jojoldu.book.springboot.web.HelloControllerTest
2023-02-15 08:39:13.035  INFO 4388 --- [    Test worker] .b.t.a.w.s.WebMvcTestContextBootstrapper : Loaded default TestExecutionListener class names from location [META-INF/spring.factories]: [org.springframework.security.test.context.support.WithSecurityContextTestExecutionListener, org.springframework.security.test.context.support.ReactorContextTestExecutionListener, org.springframework.boot.test.autoconfigure.restdocs.RestDocsTestExecutionListener, org.springframework.boot.test.autoconfigure.web.client.MockRestServiceServerResetTestExecutionListener, org.springframework.boot.test.autoconfigure.web.servlet.MockMvcPrintOnlyOnFailureTestExecutionListener, org.springframework.boot.test.autoconfigure.web.servlet.WebDriverTestExecutionListener, org.springframework.boot.test.mock.mockito.MockitoTestExecutionListener, org.springframework.boot.test.mock.mockito.ResetMocksTestExecutionListener, org.springframework.test.context.web.ServletTestExecutionListener, org.springframework.test.context.support.DirtiesContextBeforeModesTestExecutionListener, org.springframework.test.context.support.DependencyInjectionTestExecutionListener, org.springframework.test.context.support.DirtiesContextTestExecutionListener, org.springframework.test.context.transaction.TransactionalTestExecutionListener, org.springframework.test.context.jdbc.SqlScriptsTestExecutionListener]
2023-02-15 08:39:13.036  INFO 4388 --- [    Test worker] .b.t.a.w.s.WebMvcTestContextBootstrapper : Using TestExecutionListeners: [org.springframework.test.context.web.ServletTestExecutionListener@6f46d218, org.springframework.test.context.support.DirtiesContextBeforeModesTestExecutionListener@4adb538e, org.springframework.boot.test.mock.mockito.MockitoTestExecutionListener@3a9f21ac, org.springframework.boot.test.autoconfigure.SpringBootDependencyInjectionTestExecutionListener@1a1117eb, org.springframework.test.context.support.DirtiesContextTestExecutionListener@439ec0a3, org.springframework.test.context.transaction.TransactionalTestExecutionListener@5349bc7d, org.springframework.test.context.jdbc.SqlScriptsTestExecutionListener@101865f9, org.springframework.security.test.context.support.WithSecurityContextTestExecutionListener@2a4965e, org.springframework.security.test.context.support.ReactorContextTestExecutionListener@370ac571, org.springframework.boot.test.autoconfigure.restdocs.RestDocsTestExecutionListener@29be2db9, org.springframework.boot.test.autoconfigure.web.client.MockRestServiceServerResetTestExecutionListener@7adaa2da, org.springframework.boot.test.autoconfigure.web.servlet.MockMvcPrintOnlyOnFailureTestExecutionListener@5c6acdb9, org.springframework.boot.test.autoconfigure.web.servlet.WebDriverTestExecutionListener@3daaaa08, org.springframework.boot.test.mock.mockito.ResetMocksTestExecutionListener@65218be1]

  .   ____          _            __ _ _
 /\\ / ___'_ __ _ _(_)_ __  __ _ \ \ \ \
( ( )\___ | '_ | '_| | '_ \/ _` | \ \ \ \
 \\/  ___)| |_)| | | | | || (_| |  ) ) ) )
  '  |____| .__|_| |_|_| |_\__, | / / / /
 =========|_|==============|___/=/_/_/_/
 :: Spring Boot ::        (v2.1.7.RELEASE)

2023-02-15 08:39:13.066  INFO 4388 --- [    Test worker] c.j.b.s.web.HelloControllerTest          : Starting HelloControllerTest on LG with PID 4388 (started by user in C:\IntelliJ_IDEA\freelec-springboot2-webservice)
2023-02-15 08:39:13.067  INFO 4388 --- [    Test worker] c.j.b.s.web.HelloControllerTest          : No active profile set, falling back to default profiles: default
2023-02-15 08:39:13.531  INFO 4388 --- [    Test worker] o.s.s.concurrent.ThreadPoolTaskExecutor  : Initializing ExecutorService 'applicationTaskExecutor'
2023-02-15 08:39:13.566  INFO 4388 --- [    Test worker] o.s.b.a.w.s.WelcomePageHandlerMapping    : Adding welcome page template: index
2023-02-15 08:39:13.791  INFO 4388 --- [    Test worker] .s.s.UserDetailsServiceAutoConfiguration : 

Using generated security password: d19542e6-5a41-4344-bf38-43f9338cd1d9

2023-02-15 08:39:13.960  INFO 4388 --- [    Test worker] o.s.s.web.DefaultSecurityFilterChain     : Creating filter chain: any request, [org.springframework.security.web.context.request.async.WebAsyncManagerIntegrationFilter@6ff99468, org.springframework.security.web.context.SecurityContextPersistenceFilter@5612e2c4, org.springframework.security.web.header.HeaderWriterFilter@40b8d70, org.springframework.security.web.csrf.CsrfFilter@762efb17, org.springframework.security.web.authentication.logout.LogoutFilter@10f2789f, org.springframework.security.web.authentication.UsernamePasswordAuthenticationFilter@6eeb742c, org.springframework.security.web.authentication.ui.DefaultLoginPageGeneratingFilter@4a89f3e8, org.springframework.security.web.authentication.ui.DefaultLogoutPageGeneratingFilter@1219d026, org.springframework.security.web.authentication.www.BasicAuthenticationFilter@1b852702, org.springframework.security.web.savedrequest.RequestCacheAwareFilter@766cbc27, org.springframework.security.web.servletapi.SecurityContextHolderAwareRequestFilter@2e54cf97, org.springframework.security.web.authentication.AnonymousAuthenticationFilter@20964850, org.springframework.security.web.session.SessionManagementFilter@5fc38a5, org.springframework.security.web.access.ExceptionTranslationFilter@5e4fc23b, org.springframework.security.web.access.intercept.FilterSecurityInterceptor@75efea54]
2023-02-15 08:39:13.999  INFO 4388 --- [    Test worker] o.s.b.t.m.w.SpringBootMockServletContext : Initializing Spring TestDispatcherServlet ''
2023-02-15 08:39:13.999  INFO 4388 --- [    Test worker] o.s.t.web.servlet.TestDispatcherServlet  : Initializing Servlet ''
2023-02-15 08:39:14.012  INFO 4388 --- [    Test worker] o.s.t.web.servlet.TestDispatcherServlet  : Completed initialization in 13 ms
2023-02-15 08:39:14.046  INFO 4388 --- [    Test worker] c.j.b.s.web.HelloControllerTest          : Started HelloControllerTest in 1.008 seconds (JVM running for 8.859)
]]></system-out>
  <system-err><![CDATA[]]></system-err>
</testsuite>
